In file included from /Users/svenschrodt/projects/Koalas_Zep/koalas/ext/koalas.c:10:
/Users/svenschrodt/projects/Koalas_Zep/koalas/ext/php_ext.h:4:10: warning: non-portable path to file '"php_Koalas.h"'; specified path differs in case from file name on disk [-Wnonportable-include-path]
    4 | #include "php_koalas.h"
      |          ^~~~~~~~~~~~~~
      |          "php_Koalas.h"
/Users/svenschrodt/projects/Koalas_Zep/koalas/ext/koalas.c:11:10: warning: non-portable path to file '"Koalas.h"'; specified path differs in case from file name on disk [-Wnonportable-include-path]
   11 | #include "koalas.h"
      |          ^~~~~~~~~~
      | In file included from /Users/svenschrodt/projects/Koalas_Zep/koalas/ext/kernel/main.c:17:
./php_ext.h:4:10: warning: non-portable path to file '"php_Koalas.h"'; specified path differs in case from file name on disk [-Wnonportable-include-path]
    4 | #include "php_koalas.h"
      |          ^~~~~~~~~~~~~~
      |          "php_Koalas.h"
         "Koalas.h"
In file included from /Users/svenschrodt/projects/Koalas_Zep/koalas/ext/koalas.c:21:
In file included from /Users/svenschrodt/projects/Koalas_Zep/koalas/ext/kernel/fcall.h:15:
/Users/svenschrodt/projects/Koalas_Zep/koalas/ext/php_ext.h:4:10: warning: non-portable path to file '"php_Koalas.h"'; specified path differs in case from file name on disk [-Wnonportable-include-path]
    4 | #include "php_koalas.h"
      |          ^~~~~~~~~~~~~~
      |          "php_Koalas.h"
In file included from /Users/svenschrodt/projects/Koalas_Zep/koalas/ext/koalas.c:21:
In file included from /Users/svenschrodt/projects/Koalas_Zep/koalas/ext/kernel/fcall.h:17:
In file included from ./kernel/memory.h:17:
/Users/svenschrodt/projects/Koalas_Zep/koalas/ext/php_ext.h:4:10: warning: non-portable path to file '"php_Koalas.h"'; specified path differs in case from file name on disk [-Wnonportable-include-path]
    4 | #include "php_koalas.h"
      |          ^~~~~~~~~~~~~~
      |          "php_Koalas.h"
In file included from /Users/svenschrodt/projects/Koalas_Zep/koalas/ext/kernel/main.c:24:
In file included from ./kernel/memory.h:17:
./php_ext.h:4:10: warning: non-portable path to file '"php_Koalas.h"'; specified path differs in case from file name on disk [-Wnonportable-include-path]
    4 | #include "php_koalas.h"
      |          ^~~~~~~~~~~~~~
      |          "php_Koalas.h"
In file included from /Users/svenschrodt/projects/Koalas_Zep/koalas/ext/kernel/main.c:25:
In file included from ./kernel/fcall.h:15:
./php_ext.h:4:10: warning: non-portable path to file '"php_Koalas.h"'; specified path differs in case from file name on disk [-Wnonportable-include-path]
    4 | #include "php_koalas.h"
      |          ^~~~~~~~~~~~~~
      |          "php_Koalas.h"
/Users/svenschrodt/projects/Koalas_Zep/koalas/ext/kernel/main.c:275:76: warning: comparison between pointer and integer ('bool' and 'void *') [-Wpointer-integer-compare]
  275 |         if (zend_hash_str_exists(CG(function_table), function_name, function_len) != NULL) {
      |             ~~~~~~~~~~~~~~~~~~~~~~~~~~~~~~~~~~~~~~~~~~~~~~~~~~~~~~~~~~~~~~~~~~~~~ ^  ~~~~
4 warnings generated.
4 warnings generated.
In file included from /Users/svenschrodt/projects/Koalas_Zep/koalas/ext/kernel/memory.c:13:
./php_ext.h:4:10: warning: non-portable path to file '"php_Koalas.h"'; specified path differs in case from file name on disk [-Wnonportable-include-path]
    4 | #include "php_koalas.h"
      |          ^~~~~~~~~~~~~~
      |          "php_Koalas.h"
In file included from /Users/svenschrodt/projects/Koalas_Zep/koalas/ext/kernel/memory.c:14:
In file included from ./kernel/memory.h:17:
./php_ext.h:4:10: warning: non-portable path to file '"php_Koalas.h"'; specified path differs in case from file name on disk [-Wnonportable-include-path]
    4 | #include "php_koalas.h"
      |          ^~~~~~~~~~~~~~
      |          "php_Koalas.h"
In file included from /Users/svenschrodt/projects/Koalas_Zep/koalas/ext/kernel/memory.c:18:
In file included from ./kernel/fcall.h:15:
./php_ext.h:4:10: warning: non-portable path to file '"php_Koalas.h"'; specified path differs in case from file name on disk [-Wnonportable-include-path]
    4 | #include "php_koalas.h"
      |          ^~~~~~~~~~~~~~
      |          "php_Koalas.h"
3 warnings generated.
In file included from /Users/svenschrodt/projects/Koalas_Zep/koalas/ext/kernel/exception.c:17:
./php_ext.h:4:10: warning: non-portable path to file '"php_Koalas.h"'; specified path differs in case from file name on disk [-Wnonportable-include-path]
    4 | #include "php_koalas.h"
      |          ^~~~~~~~~~~~~~
      |          "php_Koalas.h"
In file included from /Users/svenschrodt/projects/Koalas_Zep/koalas/ext/kernel/exception.c:22:
In file included from ./kernel/memory.h:17:
./php_ext.h:4:10: warning: non-portable path to file '"php_Koalas.h"'; specified path differs in case from file name on disk [-Wnonportable-include-path]
    4 | #include "php_koalas.h"
      |          ^~~~~~~~~~~~~~
      |          "php_Koalas.h"
In file included from /Users/svenschrodt/projects/Koalas_Zep/koalas/ext/kernel/exception.c:23:
In file included from ./kernel/fcall.h:15:
./php_ext.h:4:10: warning: non-portable path to file '"php_Koalas.h"'; specified path differs in case from file name on disk [-Wnonportable-include-path]
    4 | #include "php_koalas.h"
      |          ^~~~~~~~~~~~~~
      |          "php_Koalas.h"
3 warnings generated.
In file included from /Users/svenschrodt/projects/Koalas_Zep/koalas/ext/kernel/debug.c:17:
./php_ext.h:4:10: warning: non-portable path to file '"php_Koalas.h"'; specified path differs in case from file name on disk [-Wnonportable-include-path]
    4 | #include "php_koalas.h"
      |          ^~~~~~~~~~~~~~
      |          "php_Koalas.h"
1 warning generated.
In file included from /Users/svenschrodt/projects/Koalas_Zep/koalas/ext/kernel/object.c:17:
./php_ext.h:4:10: warning: non-portable path to file '"php_Koalas.h"'; specified path differs in case from file name on disk [-Wnonportable-include-path]
    4 | #include "php_koalas.h"
      |          ^~~~~~~~~~~~~~
      |          "php_Koalas.h"
In file included from /Users/svenschrodt/projects/Koalas_Zep/koalas/ext/kernel/object.c:23:
In file included from ./kernel/memory.h:17:
./php_ext.h:4:10: warning: non-portable path to file '"php_Koalas.h"'; specified path differs in case from file name on disk [-Wnonportable-include-path]
    4 | #include "php_koalas.h"
      |          ^~~~~~~~~~~~~~
      |          "php_Koalas.h"
In file included from /Users/svenschrodt/projects/Koalas_Zep/koalas/ext/kernel/object.c:26:
In file included from ./kernel/fcall.h:15:
./php_ext.h:4:10: warning: non-portable path to file '"php_Koalas.h"'; specified path differs in case from file name on disk [-Wnonportable-include-path]
    4 | #include "php_koalas.h"
      |          ^~~~~~~~~~~~~~
      |          "php_Koalas.h"
3 warnings generated.
In file included from /Users/svenschrodt/projects/Koalas_Zep/koalas/ext/kernel/array.c:17:
./php_ext.h:4:10: warning: non-portable path to file '"php_Koalas.h"'; specified path differs in case from file name on disk [-Wnonportable-include-path]
    4 | #include "php_koalas.h"
      |          ^~~~~~~~~~~~~~
      |          "php_Koalas.h"
In file included from /Users/svenschrodt/projects/Koalas_Zep/koalas/ext/kernel/array.c:23:
In file included from ./kernel/memory.h:17:
./php_ext.h:4:10: warning: non-portable path to file '"php_Koalas.h"'; specified path differs in case from file name on disk [-Wnonportable-include-path]
    4 | #include "php_koalas.h"
      |          ^~~~~~~~~~~~~~
      |          "php_Koalas.h"
In file included from /Users/svenschrodt/projects/Koalas_Zep/koalas/ext/kernel/array.c:29:
In file included from ./kernel/fcall.h:15:
./php_ext.h:4:10: warning: non-portable path to file '"php_Koalas.h"'; specified path differs in case from file name on disk [-Wnonportable-include-path]
    4 | #include "php_koalas.h"
      |          ^~~~~~~~~~~~~~
      |          "php_Koalas.h"
/Users/svenschrodt/projects/Koalas_Zep/koalas/ext/kernel/array.c:507:67: warning: format specifies type 'long' but the argument has type 'zend_ulong' (aka 'unsigned long long') [-Wformat]
  507 |                                 zend_error(E_NOTICE, "Undefined index: %ld in %s on line %d", uidx, file, line);
      |                                                                        ~~~                    ^~~~
      |                                                                        %llu
4 warnings generated.
In file included from /Users/svenschrodt/projects/Koalas_Zep/koalas/ext/kernel/string.c:19:
./php_ext.h:4:10: warning: non-portable path to file '"php_Koalas.h"'; specified path differs in case from file name on disk [-Wnonportable-include-path]
    4 | #include "php_koalas.h"
      |          ^~~~~~~~~~~~~~
      |          "php_Koalas.h"
In file included from /Users/svenschrodt/projects/Koalas_Zep/koalas/ext/kernel/string.c:45:
In file included from ./kernel/memory.h:17:
./php_ext.h:4:10: warning: non-portable path to file '"php_Koalas.h"'; specified path differs in case from file name on disk [-Wnonportable-include-path]
    4 | #include "php_koalas.h"
      |          ^~~~~~~~~~~~~~
      |          "php_Koalas.h"
In file included from /Users/svenschrodt/projects/Koalas_Zep/koalas/ext/kernel/string.c:48:
In file included from ./kernel/fcall.h:15:
./php_ext.h:4:10: warning: non-portable path to file '"php_Koalas.h"'; specified path differs in case from file name on disk [-Wnonportable-include-path]
    4 | #include "php_koalas.h"
      |          ^~~~~~~~~~~~~~
      |          "php_Koalas.h"
In file included from /Users/svenschrodt/projects/Koalas_Zep/koalas/ext/kernel/fcall.c:13:
./php_ext.h:4:10: warning: non-portable path to file '"php_Koalas.h"'; specified path differs in case from file name on disk [-Wnonportable-include-path]
    4 | #include "php_koalas.h"
      |          ^~~~~~~~~~~~~~
      |          "php_Koalas.h"
In file included from /Users/svenschrodt/projects/Koalas_Zep/koalas/ext/kernel/fcall.c:20:
In file included from ./kernel/fcall.h:15:
./php_ext.h:4:10: warning: non-portable path to file '"php_Koalas.h"'; specified path differs in case from file name on disk [-Wnonportable-include-path]
    4 | #include "php_koalas.h"
      |          ^~~~~~~~~~~~~~
      |          "php_Koalas.h"
In file included from /Users/svenschrodt/projects/Koalas_Zep/koalas/ext/kernel/fcall.c:20:
In file included from ./kernel/fcall.h:17:
In file included from ./kernel/memory.h:17:
./php_ext.h:4:10: warning: non-portable path to file '"php_Koalas.h"'; specified path differs in case from file name on disk [-Wnonportable-include-path]
    4 | #include "php_koalas.h"
      |          ^~~~~~~~~~~~~~
      |          "php_Koalas.h"
3 warnings generated.
3 warnings generated.
In file included from /Users/svenschrodt/projects/Koalas_Zep/koalas/ext/kernel/require.c:17:
./php_ext.h:4:10: warning: non-portable path to file '"php_Koalas.h"'; specified path differs in case from file name on disk [-Wnonportable-include-path]
    4 | #include "php_koalas.h"
      |          ^~~~~~~~~~~~~~
      |          "php_Koalas.h"
In file included from /Users/svenschrodt/projects/Koalas_Zep/koalas/ext/kernel/require.c:18:
In file included from ./kernel/require.h:15:
./php_ext.h:4:10: warning: non-portable path to file '"php_Koalas.h"'; specified path differs in case from file name on disk [-Wnonportable-include-path]
    4 | #include "php_koalas.h"
      |          ^~~~~~~~~~~~~~
      |          "php_Koalas.h"
/Users/svenschrodt/projects/Koalas_Zep/koalas/ext/kernel/require.c:54:19: warning: incompatible pointer types passing 'zend_string *' (aka 'struct _zend_string *') to parameter of type 'zval *' (aka 'struct _zval_struct *') [-Wincompatible-pointer-types]
   54 |     zval_ptr_dtor(zend_string_path);
      |                   ^~~~~~~~~~~~~~~~
/opt/homebrew/Cellar/php/8.4.5/include/php/Zend/zend_variables.h:80:35: note: passing argument to parameter 'zval_ptr' here
   80 | ZEND_API void zval_ptr_dtor(zval *zval_ptr);
      |                                   ^
/Users/svenschrodt/projects/Koalas_Zep/koalas/ext/kernel/require.c:127:19: warning: incompatible pointer types passing 'zend_string *' (aka 'struct _zend_string *') to parameter of type 'zval *' (aka 'struct _zval_struct *') [-Wincompatible-pointer-types]
  127 |     zval_ptr_dtor(zend_string_path);
      |                   ^~~~~~~~~~~~~~~~
/opt/homebrew/Cellar/php/8.4.5/include/php/Zend/zend_variables.h:80:35: note: passing argument to parameter 'zval_ptr' here
   80 | ZEND_API void zval_ptr_dtor(zval *zval_ptr);
      |                                   ^
In file included from /Users/svenschrodt/projects/Koalas_Zep/koalas/ext/kernel/file.c:17:
./php_ext.h:4:10: warning: non-portable path to file '"php_Koalas.h"'; specified path differs in case from file name on disk [-Wnonportable-include-path]
    4 | #include "php_koalas.h"
      |          ^~~~~~~~~~~~~~
      |          "php_Koalas.h"
4 warnings generated.
In file included from /Users/svenschrodt/projects/Koalas_Zep/koalas/ext/kernel/file.c:26:
In file included from ./kernel/memory.h:17:
./php_ext.h:4:10: warning: non-portable path to file '"php_Koalas.h"'; specified path differs in case from file name on disk [-Wnonportable-include-path]
    4 | #include "php_koalas.h"
      |          ^~~~~~~~~~~~~~
      |          "php_Koalas.h"
/Users/svenschrodt/projects/Koalas_Zep/koalas/ext/kernel/file.c:71:16: warning: incompatible pointer types passing 'zend_string *' (aka 'struct _zend_string *') to parameter of type 'zval *' (aka 'struct _zval_struct *') [-Wincompatible-pointer-types]
   71 |         zval_ptr_dtor(file);
      |                       ^~~~
/opt/homebrew/Cellar/php/8.4.5/include/php/Zend/zend_variables.h:80:35: note: passing argument to parameter 'zval_ptr' here
   80 | ZEND_API void zval_ptr_dtor(zval *zval_ptr);
      |                                   ^
/Users/svenschrodt/projects/Koalas_Zep/koalas/ext/kernel/file.c:179:74: warning: format specifies type 'int' but the argument has type 'zend_long' (aka 'long long') [-Wformat]
  179 |                 php_error_docref(NULL, E_WARNING, "%d is not a valid stream resource", stream->res->handle);
      |                                                    ~~                                  ^~~~~~~~~~~~~~~~~~~
      |                                                    %lld
/Users/svenschrodt/projects/Koalas_Zep/koalas/ext/kernel/file.c:300:17: warning: incompatible pointer types passing 'zend_string *' (aka 'struct _zend_string *') to parameter of type 'zval *' (aka 'struct _zval_struct *') [-Wincompatible-pointer-types]
  300 |                 zval_ptr_dtor(file);
      |                               ^~~~
/opt/homebrew/Cellar/php/8.4.5/include/php/Zend/zend_variables.h:80:35: note: passing argument to parameter 'zval_ptr' here
   80 | ZEND_API void zval_ptr_dtor(zval *zval_ptr);
      |                                   ^
5 warnings generated.
In file included from /Users/svenschrodt/projects/Koalas_Zep/koalas/ext/kernel/operators.c:20:
./php_ext.h:4:10: warning: non-portable path to file '"php_Koalas.h"'; specified path differs in case from file name on disk [-Wnonportable-include-path]
    4 | #include "php_koalas.h"
      |          ^~~~~~~~~~~~~~
      |          "php_Koalas.h"
In file included from /Users/svenschrodt/projects/Koalas_Zep/koalas/ext/kernel/operators.c:22:
In file included from ./kernel/memory.h:17:
./php_ext.h:4:10: warning: non-portable path to file '"php_Koalas.h"'; specified path differs in case from file name on disk [-Wnonportable-include-path]
    4 | #include "php_koalas.h"
      |          ^~~~~~~~~~~~~~
      |          "php_Koalas.h"
In file included from /Users/svenschrodt/projects/Koalas_Zep/koalas/ext/kernel/math.c:23:
./php_ext.h:4:10: warning: non-portable path to file '"php_Koalas.h"'; specified path differs in case from file name on disk [-Wnonportable-include-path]
    4 | #include "php_koalas.h"
      |          ^~~~~~~~~~~~~~
      |          "php_Koalas.h"
In file included from /Users/svenschrodt/projects/Koalas_Zep/koalas/ext/kernel/math.c:25:
In file included from ./kernel/memory.h:17:
./php_ext.h:4:10: warning: non-portable path to file '"php_Koalas.h"'; specified path differs in case from file name on disk [-Wnonportable-include-path]
    4 | #include "php_koalas.h"
      |          ^~~~~~~~~~~~~~
      |          "php_Koalas.h"
2 warnings generated.
2 warnings generated.
In file included from /Users/svenschrodt/projects/Koalas_Zep/koalas/ext/kernel/concat.c:6:
./php_ext.h:4:10: warning: non-portable path to file '"php_Koalas.h"'; specified path differs in case from file name on disk [-Wnonportable-include-path]
    4 | #include "php_koalas.h"
      |          ^~~~~~~~~~~~~~
      |          "php_Koalas.h"
In file included from /Users/svenschrodt/projects/Koalas_Zep/koalas/ext/kernel/variables.c:17:
./php_ext.h:4:10: warning: non-portable path to file '"php_Koalas.h"'; specified path differs in case from file name on disk [-Wnonportable-include-path]
    4 | #include "php_koalas.h"
      |          ^~~~~~~~~~~~~~
      |          "php_Koalas.h"
In file included from /Users/svenschrodt/projects/Koalas_Zep/koalas/ext/kernel/concat.c:8:
./ext.h:4:10: warning: non-portable path to file '"Koalas.h"'; specified path differs in case from file name on disk [-Wnonportable-include-path]
    4 | #include "koalas.h"
      |          ^~~~~~~~~~
      |          "Koalas.h"
In file included from /Users/svenschrodt/projects/Koalas_Zep/koalas/ext/kernel/concat.c:10:
In file included from ./kernel/memory.h:17:
./php_ext.h:4:10: warning: non-portable path to file '"php_Koalas.h"'; specified path differs in case from file name on disk [-Wnonportable-include-path]
    4 | #include "php_koalas.h"
      |          ^~~~~~~~~~~~~~
      |          "php_Koalas.h"
1 warning generated.
3 warnings generated.
In file included from /Users/svenschrodt/projects/Koalas_Zep/koalas/ext/kernel/filter.c:19:
./php_ext.h:4:10: warning: non-portable path to file '"php_Koalas.h"'; specified path differs in case from file name on disk [-Wnonportable-include-path]
    4 | #include "php_koalas.h"
      |          ^~~~~~~~~~~~~~
      |          "php_Koalas.h"
In file included from /Users/svenschrodt/projects/Koalas_Zep/koalas/ext/kernel/filter.c:26:
In file included from ./kernel/memory.h:17:
./php_ext.h:4:10: warning: non-portable path to file '"php_Koalas.h"'; specified path differs in case from file name on disk [-Wnonportable-include-path]
    4 | #include "php_koalas.h"
      |          ^~~~~~~~~~~~~~
      |          "php_Koalas.h"
In file included from /Users/svenschrodt/projects/Koalas_Zep/koalas/ext/kernel/iterator.c:17:
./php_ext.h:4:10: warning: non-portable path to file '"php_Koalas.h"'; specified path differs in case from file name on disk [-Wnonportable-include-path]
    4 | #include "php_koalas.h"
      |          ^~~~~~~~~~~~~~
      |          "php_Koalas.h"
In file included from /Users/svenschrodt/projects/Koalas_Zep/koalas/ext/kernel/iterator.c:20:
In file included from ./kernel/memory.h:17:
./php_ext.h:4:10: warning: non-portable path to file '"php_Koalas.h"'; specified path differs in case from file name on disk [-Wnonportable-include-path]
    4 | #include "php_koalas.h"
      |          ^~~~~~~~~~~~~~
      |          "php_Koalas.h"
2 warnings generated.
2 warnings generated.
In file included from /Users/svenschrodt/projects/Koalas_Zep/koalas/ext/kernel/time.c:28:
./php_ext.h:4:10: warning: non-portable path to file '"php_Koalas.h"'; specified path differs in case from file name on disk [-Wnonportable-include-path]
    4 | #include "php_koalas.h"
      |          ^~~~~~~~~~~~~~
      |          "php_Koalas.h"
In file included from /Users/svenschrodt/projects/Koalas_Zep/koalas/ext/kernel/exit.c:17:
./php_ext.h:4:10: warning: non-portable path to file '"php_Koalas.h"'; specified path differs in case from file name on disk [-Wnonportable-include-path]
    4 | #include "php_koalas.h"
      |          ^~~~~~~~~~~~~~
      |          "php_Koalas.h"
1 warning generated.
1 warning generated.
In file included from /Users/svenschrodt/projects/Koalas_Zep/koalas/ext/koalas/dataframe.zep.c:7:
/Users/svenschrodt/projects/Koalas_Zep/koalas/ext/koalas/../php_ext.h:4:10: warning: non-portable path to file '"php_Koalas.h"'; specified path differs in case from file name on disk [-Wnonportable-include-path]
    4 | #include "php_koalas.h"
      |          ^~~~~~~~~~~~~~
      |          "php_Koalas.h"
In file included from /Users/svenschrodt/projects/Koalas_Zep/koalas/ext/koalas/dataframe.zep.c:8:
/Users/svenschrodt/projects/Koalas_Zep/koalas/ext/koalas/../ext.h:4:10: warning: non-portable path to file '"Koalas.h"'; specified path differs in case from file name on disk [-Wnonportable-include-path]
    4 | #include "koalas.h"
      |          ^~~~~~~~~~
      |          "Koalas.h"
2 warnings generated.
ld: warning: -undefined suppress is deprecated
warning: no debug symbols in executable (-arch arm64)
